{"C:\\Users\\Aqil_M605\\Documents\\learning_testing\\src\\app\\config\\db.config.js": {"path":"C:\\Users\\Aqil_M605\\Documents\\learning_testing\\src\\app\\config\\db.config.js","statementMap":{"0":{"start":{"line":1,"column":0},"end":{"line":3,"column":2}}},"fnMap":{},"branchMap":{},"s":{"0":0},"f":{},"b":{}}
,"C:\\Users\\Aqil_M605\\Documents\\learning_testing\\src\\app\\controllers\\user.controller.js": {"path":"C:\\Users\\Aqil_M605\\Documents\\learning_testing\\src\\app\\controllers\\user.controller.js","statementMap":{"0":{"start":{"line":1,"column":13},"end":{"line":1,"column":44}},"1":{"start":{"line":4,"column":0},"end":{"line":16,"column":1}},"2":{"start":{"line":5,"column":2},"end":{"line":14,"column":3}},"3":{"start":{"line":6,"column":18},"end":{"line":6,"column":35}},"4":{"start":{"line":7,"column":4},"end":{"line":10,"column":5}},"5":{"start":{"line":8,"column":6},"end":{"line":9,"column":7}},"6":{"start":{"line":11,"column":4},"end":{"line":11,"column":20}},"7":{"start":{"line":13,"column":4},"end":{"line":13,"column":49}},"8":{"start":{"line":19,"column":0},"end":{"line":35,"column":1}},"9":{"start":{"line":20,"column":13},"end":{"line":20,"column":26}},"10":{"start":{"line":21,"column":2},"end":{"line":34,"column":7}},"11":{"start":{"line":23,"column":6},"end":{"line":27,"column":26}},"12":{"start":{"line":24,"column":8},"end":{"line":26,"column":64}},"13":{"start":{"line":27,"column":11},"end":{"line":27,"column":26}},"14":{"start":{"line":30,"column":6},"end":{"line":33,"column":9}},"15":{"start":{"line":39,"column":0},"end":{"line":65,"column":1}},"16":{"start":{"line":40,"column":15},"end":{"line":47,"column":4}},"17":{"start":{"line":50,"column":1},"end":{"line":62,"column":6}},"18":{"start":{"line":52,"column":6},"end":{"line":58,"column":7}},"19":{"start":{"line":53,"column":8},"end":{"line":53,"column":64}},"20":{"start":{"line":55,"column":24},"end":{"line":55,"column":41}},"21":{"start":{"line":57,"column":8},"end":{"line":57,"column":38}},"22":{"start":{"line":60,"column":6},"end":{"line":60,"column":53}},"23":{"start":{"line":68,"column":0},"end":{"line":83,"column":1}},"24":{"start":{"line":69,"column":13},"end":{"line":69,"column":26}},"25":{"start":{"line":70,"column":2},"end":{"line":82,"column":7}},"26":{"start":{"line":72,"column":6},"end":{"line":76,"column":28}},"27":{"start":{"line":73,"column":8},"end":{"line":75,"column":11}},"28":{"start":{"line":76,"column":13},"end":{"line":76,"column":28}},"29":{"start":{"line":79,"column":6},"end":{"line":81,"column":9}},"30":{"start":{"line":86,"column":0},"end":{"line":107,"column":1}},"31":{"start":{"line":87,"column":13},"end":{"line":87,"column":26}},"32":{"start":{"line":88,"column":2},"end":{"line":104,"column":7}},"33":{"start":{"line":90,"column":6},"end":{"line":98,"column":7}},"34":{"start":{"line":91,"column":8},"end":{"line":93,"column":11}},"35":{"start":{"line":95,"column":8},"end":{"line":97,"column":11}},"36":{"start":{"line":101,"column":6},"end":{"line":103,"column":9}}},"fnMap":{"0":{"name":"(anonymous_0)","decl":{"start":{"line":4,"column":14},"end":{"line":4,"column":15}},"loc":{"start":{"line":4,"column":34},"end":{"line":16,"column":1}},"line":4},"1":{"name":"(anonymous_1)","decl":{"start":{"line":19,"column":18},"end":{"line":19,"column":19}},"loc":{"start":{"line":19,"column":38},"end":{"line":35,"column":1}},"line":19},"2":{"name":"(anonymous_2)","decl":{"start":{"line":22,"column":10},"end":{"line":22,"column":11}},"loc":{"start":{"line":22,"column":20},"end":{"line":28,"column":5}},"line":22},"3":{"name":"(anonymous_3)","decl":{"start":{"line":29,"column":11},"end":{"line":29,"column":12}},"loc":{"start":{"line":29,"column":20},"end":{"line":34,"column":5}},"line":29},"4":{"name":"(anonymous_4)","decl":{"start":{"line":39,"column":17},"end":{"line":39,"column":18}},"loc":{"start":{"line":39,"column":37},"end":{"line":65,"column":1}},"line":39},"5":{"name":"(anonymous_5)","decl":{"start":{"line":51,"column":10},"end":{"line":51,"column":11}},"loc":{"start":{"line":51,"column":26},"end":{"line":59,"column":5}},"line":51},"6":{"name":"(anonymous_6)","decl":{"start":{"line":59,"column":13},"end":{"line":59,"column":14}},"loc":{"start":{"line":59,"column":24},"end":{"line":62,"column":5}},"line":59},"7":{"name":"(anonymous_7)","decl":{"start":{"line":68,"column":17},"end":{"line":68,"column":18}},"loc":{"start":{"line":68,"column":31},"end":{"line":83,"column":1}},"line":68},"8":{"name":"(anonymous_8)","decl":{"start":{"line":71,"column":10},"end":{"line":71,"column":11}},"loc":{"start":{"line":71,"column":20},"end":{"line":77,"column":5}},"line":71},"9":{"name":"(anonymous_9)","decl":{"start":{"line":78,"column":11},"end":{"line":78,"column":12}},"loc":{"start":{"line":78,"column":20},"end":{"line":82,"column":5}},"line":78},"10":{"name":"(anonymous_10)","decl":{"start":{"line":86,"column":17},"end":{"line":86,"column":18}},"loc":{"start":{"line":86,"column":31},"end":{"line":107,"column":1}},"line":86},"11":{"name":"(anonymous_11)","decl":{"start":{"line":89,"column":10},"end":{"line":89,"column":11}},"loc":{"start":{"line":89,"column":20},"end":{"line":99,"column":5}},"line":89},"12":{"name":"(anonymous_12)","decl":{"start":{"line":100,"column":11},"end":{"line":100,"column":12}},"loc":{"start":{"line":100,"column":20},"end":{"line":104,"column":5}},"line":100}},"branchMap":{"0":{"loc":{"start":{"line":7,"column":4},"end":{"line":10,"column":5}},"type":"if","locations":[{"start":{"line":7,"column":4},"end":{"line":10,"column":5}},{"start":{"line":7,"column":4},"end":{"line":10,"column":5}}],"line":7},"1":{"loc":{"start":{"line":23,"column":6},"end":{"line":27,"column":26}},"type":"if","locations":[{"start":{"line":23,"column":6},"end":{"line":27,"column":26}},{"start":{"line":23,"column":6},"end":{"line":27,"column":26}}],"line":23},"2":{"loc":{"start":{"line":32,"column":10},"end":{"line":32,"column":76}},"type":"binary-expr","locations":[{"start":{"line":32,"column":10},"end":{"line":32,"column":21}},{"start":{"line":32,"column":25},"end":{"line":32,"column":76}}],"line":32},"3":{"loc":{"start":{"line":52,"column":6},"end":{"line":58,"column":7}},"type":"if","locations":[{"start":{"line":52,"column":6},"end":{"line":58,"column":7}},{"start":{"line":52,"column":6},"end":{"line":58,"column":7}}],"line":52},"4":{"loc":{"start":{"line":72,"column":6},"end":{"line":76,"column":28}},"type":"if","locations":[{"start":{"line":72,"column":6},"end":{"line":76,"column":28}},{"start":{"line":72,"column":6},"end":{"line":76,"column":28}}],"line":72},"5":{"loc":{"start":{"line":80,"column":17},"end":{"line":80,"column":68}},"type":"binary-expr","locations":[{"start":{"line":80,"column":17},"end":{"line":80,"column":28}},{"start":{"line":80,"column":32},"end":{"line":80,"column":68}}],"line":80},"6":{"loc":{"start":{"line":90,"column":6},"end":{"line":98,"column":7}},"type":"if","locations":[{"start":{"line":90,"column":6},"end":{"line":98,"column":7}},{"start":{"line":90,"column":6},"end":{"line":98,"column":7}}],"line":90},"7":{"loc":{"start":{"line":102,"column":17},"end":{"line":102,"column":70}},"type":"binary-expr","locations":[{"start":{"line":102,"column":17},"end":{"line":102,"column":28}},{"start":{"line":102,"column":32},"end":{"line":102,"column":70}}],"line":102}},"s":{"0":1,"1":1,"2":0,"3":0,"4":0,"5":0,"6":0,"7":0,"8":1,"9":0,"10":0,"11":0,"12":0,"13":0,"14":0,"15":1,"16":1,"17":1,"18":0,"19":0,"20":0,"21":0,"22":1,"23":1,"24":0,"25":0,"26":0,"27":0,"28":0,"29":0,"30":1,"31":0,"32":0,"33":0,"34":0,"35":0,"36":0},"f":{"0":0,"1":0,"2":0,"3":0,"4":1,"5":0,"6":1,"7":0,"8":0,"9":0,"10":0,"11":0,"12":0},"b":{"0":[0,0],"1":[0,0],"2":[0,0],"3":[0,0],"4":[0,0],"5":[0,0],"6":[0,0],"7":[0,0]},"_coverageSchema":"1a1c01bbd47fc00a2c39e90264f33305004495a9","hash":"a57d598744823cab2a27bc75edb08c83b68706d4"}
,"C:\\Users\\Aqil_M605\\Documents\\learning_testing\\src\\app\\middleware\\handlingError.js": {"path":"C:\\Users\\Aqil_M605\\Documents\\learning_testing\\src\\app\\middleware\\handlingError.js","statementMap":{"0":{"start":{"line":2,"column":0},"end":{"line":9,"column":2}},"1":{"start":{"line":3,"column":2},"end":{"line":7,"column":3}},"2":{"start":{"line":4,"column":4},"end":{"line":6,"column":7}},"3":{"start":{"line":8,"column":2},"end":{"line":8,"column":9}}},"fnMap":{"0":{"name":"(anonymous_0)","decl":{"start":{"line":2,"column":27},"end":{"line":2,"column":28}},"loc":{"start":{"line":2,"column":47},"end":{"line":9,"column":1}},"line":2}},"branchMap":{"0":{"loc":{"start":{"line":3,"column":2},"end":{"line":7,"column":3}},"type":"if","locations":[{"start":{"line":3,"column":2},"end":{"line":7,"column":3}},{"start":{"line":3,"column":2},"end":{"line":7,"column":3}}],"line":3}},"s":{"0":0,"1":0,"2":0,"3":0},"f":{"0":0},"b":{"0":[0,0]}}
,"C:\\Users\\Aqil_M605\\Documents\\learning_testing\\src\\app\\middleware\\logging.js": {"path":"C:\\Users\\Aqil_M605\\Documents\\learning_testing\\src\\app\\middleware\\logging.js","statementMap":{"0":{"start":{"line":2,"column":0},"end":{"line":9,"column":2}},"1":{"start":{"line":3,"column":13},"end":{"line":3,"column":61}},"2":{"start":{"line":5,"column":2},"end":{"line":7,"column":4}},"3":{"start":{"line":8,"column":2},"end":{"line":8,"column":9}}},"fnMap":{"0":{"name":"(anonymous_0)","decl":{"start":{"line":2,"column":21},"end":{"line":2,"column":22}},"loc":{"start":{"line":2,"column":41},"end":{"line":9,"column":1}},"line":2}},"branchMap":{},"s":{"0":0,"1":0,"2":0,"3":0},"f":{"0":0},"b":{}}
,"C:\\Users\\Aqil_M605\\Documents\\learning_testing\\src\\app\\models\\index.js": {"path":"C:\\Users\\Aqil_M605\\Documents\\learning_testing\\src\\app\\models\\index.js","statementMap":{"0":{"start":{"line":1,"column":17},"end":{"line":1,"column":50}},"1":{"start":{"line":2,"column":17},"end":{"line":2,"column":36}},"2":{"start":{"line":4,"column":0},"end":{"line":4,"column":34}},"3":{"start":{"line":6,"column":11},"end":{"line":6,"column":13}},"4":{"start":{"line":7,"column":0},"end":{"line":7,"column":23}},"5":{"start":{"line":8,"column":0},"end":{"line":8,"column":22}},"6":{"start":{"line":9,"column":0},"end":{"line":9,"column":47}},"7":{"start":{"line":11,"column":0},"end":{"line":11,"column":20}}},"fnMap":{},"branchMap":{},"s":{"0":0,"1":0,"2":0,"3":0,"4":0,"5":0,"6":0,"7":0},"f":{},"b":{}}
,"C:\\Users\\Aqil_M605\\Documents\\learning_testing\\src\\app\\models\\user.model.js": {"path":"C:\\Users\\Aqil_M605\\Documents\\learning_testing\\src\\app\\models\\user.model.js","statementMap":{"0":{"start":{"line":1,"column":17},"end":{"line":1,"column":36}},"1":{"start":{"line":3,"column":20},"end":{"line":29,"column":5}},"2":{"start":{"line":32,"column":0},"end":{"line":32,"column":53}}},"fnMap":{},"branchMap":{},"s":{"0":1,"1":1,"2":1},"f":{},"b":{},"_coverageSchema":"1a1c01bbd47fc00a2c39e90264f33305004495a9","hash":"5bd126ae492bcaaaeb85fb175a747fd00ab276de"}
,"C:\\Users\\Aqil_M605\\Documents\\learning_testing\\src\\app\\routes\\users.routes.js": {"path":"C:\\Users\\Aqil_M605\\Documents\\learning_testing\\src\\app\\routes\\users.routes.js","statementMap":{"0":{"start":{"line":1,"column":16},"end":{"line":1,"column":48}},"1":{"start":{"line":2,"column":20},"end":{"line":2,"column":58}},"2":{"start":{"line":4,"column":0},"end":{"line":31,"column":1}},"3":{"start":{"line":6,"column":25},"end":{"line":6,"column":66}},"4":{"start":{"line":7,"column":17},"end":{"line":7,"column":44}},"5":{"start":{"line":10,"column":2},"end":{"line":10,"column":37}},"6":{"start":{"line":14,"column":2},"end":{"line":14,"column":37}},"7":{"start":{"line":17,"column":2},"end":{"line":17,"column":43}},"8":{"start":{"line":21,"column":2},"end":{"line":21,"column":70}},"9":{"start":{"line":24,"column":2},"end":{"line":24,"column":75}},"10":{"start":{"line":27,"column":2},"end":{"line":27,"column":47}},"11":{"start":{"line":30,"column":2},"end":{"line":30,"column":31}}},"fnMap":{"0":{"name":"(anonymous_0)","decl":{"start":{"line":4,"column":17},"end":{"line":4,"column":18}},"loc":{"start":{"line":4,"column":26},"end":{"line":31,"column":1}},"line":4}},"branchMap":{},"s":{"0":0,"1":0,"2":0,"3":0,"4":0,"5":0,"6":0,"7":0,"8":0,"9":0,"10":0,"11":0},"f":{"0":0},"b":{}}
}
